Build started 10/6/2016 4:46:47 PM.
     1>Project "C:\Users\Eric\documents\visual studio 2013\Projects\MemoryScanner\MemoryScanner\MemoryScanner.vcxproj" on node 2 (Build target(s)).
     1>ClCompile:
         C:\Program Files (x86)\Microsoft Visual Studio 12.0\VC\bin\x86_amd64\CL.exe /c /Zi /nologo /W3 /WX- /sdl /O2 /Oi /GL /D _MBCS /Gm- /EHsc /MD /GS /Gy /fp:precise /Zc:wchar_t /Zc:forScope /Fo"x64\Release\\" /Fd"x64\Release\vc120.pdb" /Gd /TP /errorReport:prompt menu.cpp
         menu.cpp
     1>menu.cpp(65): warning C4267: 'argument' : conversion from 'size_t' to 'unsigned int', possible loss of data
     1>menu.cpp(177): warning C4267: 'argument' : conversion from 'size_t' to 'int', possible loss of data
     1>menu.cpp(179): warning C4267: 'argument' : conversion from 'size_t' to 'int', possible loss of data
       Link:
         C:\Program Files (x86)\Microsoft Visual Studio 12.0\VC\bin\x86_amd64\link.exe /ERRORREPORT:PROMPT /OUT:"C:\Users\Eric\documents\visual studio 2013\Projects\MemoryScanner\x64\Release\MemoryScanner.exe" /NOLOGO kernel32.lib user32.lib gdi32.lib winspool.lib comdlg32.lib advapi32.lib shell32.lib ole32.lib oleaut32.lib uuid.lib odbc32.lib odbccp32.lib /MANIFEST /MANIFESTUAC:"level='asInvoker' uiAccess='false'" /manifest:embed /DEBUG /PDB:"C:\Users\Eric\documents\visual studio 2013\Projects\MemoryScanner\x64\Release\MemoryScanner.pdb" /OPT:REF /OPT:ICF /LTCG /TLBID:1 /DYNAMICBASE /NXCOMPAT /IMPLIB:"C:\Users\Eric\documents\visual studio 2013\Projects\MemoryScanner\x64\Release\MemoryScanner.lib" /MACHINE:X64 x64\Release\error.obj
         x64\Release\menu.obj
         x64\Release\scanner.obj
         x64\Release\modinfo.obj
         x64\Release\memscan.obj
         Generating code
         Finished generating code
         MemoryScanner.vcxproj -> C:\Users\Eric\documents\visual studio 2013\Projects\MemoryScanner\x64\Release\MemoryScanner.exe
     1>Done Building Project "C:\Users\Eric\documents\visual studio 2013\Projects\MemoryScanner\MemoryScanner\MemoryScanner.vcxproj" (Build target(s)).

Build succeeded.

Time Elapsed 00:00:01.84
